<?xml version="1.0" encoding="UTF-8"?>
<testng-results ignored="0" total="1" passed="1" failed="0" skipped="0">
  <reporter-output>
  </reporter-output>
  <suite started-at="2020-08-01T20:19:07 CDT" name="Default suite" finished-at="2020-08-01T20:19:09 CDT" duration-ms="2031">
    <groups>
    </groups>
    <test started-at="2020-08-01T20:19:07 CDT" name="Default test" finished-at="2020-08-01T20:19:09 CDT" duration-ms="2031">
      <class name="Serilization">
        <test-method signature="Test1()[pri:0, instance:Serilization@3ec300f1]" started-at="2020-08-01T20:19:07 CDT" name="Test1" finished-at="2020-08-01T20:19:09 CDT" duration-ms="1993" status="PASS">
          <reporter-output>
          </reporter-output>
        </test-method> <!-- Test1 -->
      </class> <!-- Serilization -->
    </test> <!-- Default test -->
  </suite> <!-- Default suite -->
</testng-results>
